# JRE version: Java(TM) SE Runtime Environment (8.0_151-b12) (build 1.8.0_151-b12)
# Java VM: Java HotSpot(TM) 64-Bit Server VM (25.151-b12 mixed mode windows-amd64 compressed oops)
Heap:
 PSYoungGen      total 70656K, used 23310K [0x00000000d6100000, 0x00000000df580000, 0x0000000100000000)
  eden space 65536K, 27% used [0x00000000d6100000,0x00000000d72c92b8,0x00000000da100000)
  from space 5120K, 99% used [0x00000000da100000,0x00000000da5fa8f0,0x00000000da600000)
  to   space 23552K, 0% used [0x00000000dde80000,0x00000000dde80000,0x00000000df580000)
 ParOldGen       total 99840K, used 39282K [0x0000000082200000, 0x0000000088380000, 0x00000000d6100000)
  object space 99840K, 39% used [0x0000000082200000,0x000000008485c908,0x0000000088380000)
 Metaspace       used 29902K, capacity 30996K, committed 31360K, reserved 1077248K
  class space    used 4183K, capacity 4415K, committed 4480K, reserved 1048576K
GC Heap History (10 events):
Event: 1.513 GC heap before
{Heap before GC invocations=2 (full 0):
 PSYoungGen      total 37888K, used 37877K [0x00000000d6100000, 0x00000000d8b00000, 0x0000000100000000)
  eden space 32768K, 100% used [0x00000000d6100000,0x00000000d8100000,0x00000000d8100000)
  from space 5120K, 99% used [0x00000000d8100000,0x00000000d85fd670,0x00000000d8600000)
  to   space 5120K, 0% used [0x00000000d8600000,0x00000000d8600000,0x00000000d8b00000)
 ParOldGen       total 86016K, used 2240K [0x0000000082200000, 0x0000000087600000, 0x00000000d6100000)
  object space 86016K, 2% used [0x0000000082200000,0x00000000824303e8,0x0000000087600000)
 Metaspace       used 11603K, capacity 11978K, committed 12160K, reserved 1060864K
  class space    used 1457K, capacity 1572K, committed 1664K, reserved 1048576K
Event: 1.528 GC heap after
Heap after GC invocations=2 (full 0):
 PSYoungGen      total 37888K, used 5118K [0x00000000d6100000, 0x00000000d8b00000, 0x0000000100000000)
  eden space 32768K, 0% used [0x00000000d6100000,0x00000000d6100000,0x00000000d8100000)
  from space 5120K, 99% used [0x00000000d8600000,0x00000000d8affb90,0x00000000d8b00000)
  to   space 5120K, 0% used [0x00000000d8100000,0x00000000d8100000,0x00000000d8600000)
 ParOldGen       total 86016K, used 21172K [0x0000000082200000, 0x0000000087600000, 0x00000000d6100000)
  object space 86016K, 24% used [0x0000000082200000,0x00000000836ad158,0x0000000087600000)
 Metaspace       used 11603K, capacity 11978K, committed 12160K, reserved 1060864K
  class space    used 1457K, capacity 1572K, committed 1664K, reserved 1048576K
}
Event: 3.069 GC heap before
{Heap before GC invocations=3 (full 0):
 PSYoungGen      total 37888K, used 37886K [0x00000000d6100000, 0x00000000d8b00000, 0x0000000100000000)
  eden space 32768K, 100% used [0x00000000d6100000,0x00000000d8100000,0x00000000d8100000)
  from space 5120K, 99% used [0x00000000d8600000,0x00000000d8affb90,0x00000000d8b00000)
  to   space 5120K, 0% used [0x00000000d8100000,0x00000000d8100000,0x00000000d8600000)
 ParOldGen       total 86016K, used 21172K [0x0000000082200000, 0x0000000087600000, 0x00000000d6100000)
  object space 86016K, 24% used [0x0000000082200000,0x00000000836ad158,0x0000000087600000)
 Metaspace       used 17254K, capacity 18122K, committed 18432K, reserved 1064960K
  class space    used 2524K, capacity 2710K, committed 2816K, reserved 1048576K
Event: 3.080 GC heap after
Heap after GC invocations=3 (full 0):
 PSYoungGen      total 37888K, used 5118K [0x00000000d6100000, 0x00000000dab00000, 0x0000000100000000)
  eden space 32768K, 0% used [0x00000000d6100000,0x00000000d6100000,0x00000000d8100000)
  from space 5120K, 99% used [0x00000000d8100000,0x00000000d85ffa00,0x00000000d8600000)
  to   space 5120K, 0% used [0x00000000da600000,0x00000000da600000,0x00000000dab00000)
 ParOldGen       total 86016K, used 27465K [0x0000000082200000, 0x0000000087600000, 0x00000000d6100000)
  object space 86016K, 31% used [0x0000000082200000,0x0000000083cd2548,0x0000000087600000)
 Metaspace       used 17254K, capacity 18122K, committed 18432K, reserved 1064960K
  class space    used 2524K, capacity 2710K, committed 2816K, reserved 1048576K
}
Event: 3.562 GC heap before
{Heap before GC invocations=4 (full 0):
 PSYoungGen      total 37888K, used 24042K [0x00000000d6100000, 0x00000000dab00000, 0x0000000100000000)
  eden space 32768K, 57% used [0x00000000d6100000,0x00000000d737b1a0,0x00000000d8100000)
  from space 5120K, 99% used [0x00000000d8100000,0x00000000d85ffa00,0x00000000d8600000)
  to   space 5120K, 0% used [0x00000000da600000,0x00000000da600000,0x00000000dab00000)
 ParOldGen       total 86016K, used 27465K [0x0000000082200000, 0x0000000087600000, 0x00000000d6100000)
  object space 86016K, 31% used [0x0000000082200000,0x0000000083cd2548,0x0000000087600000)
 Metaspace       used 20175K, capacity 21254K, committed 21296K, reserved 1067008K
  class space    used 2935K, capacity 3186K, committed 3200K, reserved 1048576K
Event: 3.576 GC heap after
Heap after GC invocations=4 (full 0):
 PSYoungGen      total 70656K, used 5099K [0x00000000d6100000, 0x00000000dab00000, 0x0000000100000000)
  eden space 65536K, 0% used [0x00000000d6100000,0x00000000d6100000,0x00000000da100000)
  from space 5120K, 99% used [0x00000000da600000,0x00000000daafad60,0x00000000dab00000)
  to   space 5120K, 0% used [0x00000000da100000,0x00000000da100000,0x00000000da600000)
 ParOldGen       total 86016K, used 32224K [0x0000000082200000, 0x0000000087600000, 0x00000000d6100000)
  object space 86016K, 37% used [0x0000000082200000,0x00000000841783f8,0x0000000087600000)
 Metaspace       used 20175K, capacity 21254K, committed 21296K, reserved 1067008K
  class space    used 2935K, capacity 3186K, committed 3200K, reserved 1048576K
}
Event: 3.576 GC heap before
{Heap before GC invocations=5 (full 1):
 PSYoungGen      total 70656K, used 5099K [0x00000000d6100000, 0x00000000dab00000, 0x0000000100000000)
  eden space 65536K, 0% used [0x00000000d6100000,0x00000000d6100000,0x00000000da100000)
  from space 5120K, 99% used [0x00000000da600000,0x00000000daafad60,0x00000000dab00000)
  to   space 5120K, 0% used [0x00000000da100000,0x00000000da100000,0x00000000da600000)
 ParOldGen       total 86016K, used 32224K [0x0000000082200000, 0x0000000087600000, 0x00000000d6100000)
  object space 86016K, 37% used [0x0000000082200000,0x00000000841783f8,0x0000000087600000)
 Metaspace       used 20175K, capacity 21254K, committed 21296K, reserved 1067008K
  class space    used 2935K, capacity 3186K, committed 3200K, reserved 1048576K
Event: 3.656 GC heap after
Heap after GC invocations=5 (full 1):
 PSYoungGen      total 70656K, used 0K [0x00000000d6100000, 0x00000000dab00000, 0x0000000100000000)
  eden space 65536K, 0% used [0x00000000d6100000,0x00000000d6100000,0x00000000da100000)
  from space 5120K, 0% used [0x00000000da600000,0x00000000da600000,0x00000000dab00000)
  to   space 5120K, 0% used [0x00000000da100000,0x00000000da100000,0x00000000da600000)
 ParOldGen       total 99840K, used 36825K [0x0000000082200000, 0x0000000088380000, 0x00000000d6100000)
  object space 99840K, 36% used [0x0000000082200000,0x00000000845f6460,0x0000000088380000)
 Metaspace       used 20175K, capacity 21254K, committed 21296K, reserved 1067008K
  class space    used 2935K, capacity 3186K, committed 3200K, reserved 1048576K
}
Event: 51.445 GC heap before
{Heap before GC invocations=6 (full 1):
 PSYoungGen      total 70656K, used 65536K [0x00000000d6100000, 0x00000000dab00000, 0x0000000100000000)
  eden space 65536K, 100% used [0x00000000d6100000,0x00000000da100000,0x00000000da100000)
  from space 5120K, 0% used [0x00000000da600000,0x00000000da600000,0x00000000dab00000)
  to   space 5120K, 0% used [0x00000000da100000,0x00000000da100000,0x00000000da600000)
 ParOldGen       total 99840K, used 36825K [0x0000000082200000, 0x0000000088380000, 0x00000000d6100000)
  object space 99840K, 36% used [0x0000000082200000,0x00000000845f6460,0x0000000088380000)
 Metaspace       used 28242K, capacity 29396K, committed 29568K, reserved 1075200K
  class space    used 3986K, capacity 4223K, committed 4224K, reserved 1048576K
Event: 51.454 GC heap after
Heap after GC invocations=6 (full 1):
 PSYoungGen      total 70656K, used 5098K [0x00000000d6100000, 0x00000000df580000, 0x0000000100000000)
  eden space 65536K, 0% used [0x00000000d6100000,0x00000000d6100000,0x00000000da100000)
  from space 5120K, 99% used [0x00000000da100000,0x00000000da5fa8f0,0x00000000da600000)
  to   space 23552K, 0% used [0x00000000dde80000,0x00000000dde80000,0x00000000df580000)
 ParOldGen       total 99840K, used 39282K [0x0000000082200000, 0x0000000088380000, 0x00000000d6100000)
  object space 99840K, 39% used [0x0000000082200000,0x000000008485c908,0x0000000088380000)
 Metaspace       used 28242K, capacity 29396K, committed 29568K, reserved 1075200K
  class space    used 3986K, capacity 4223K, committed 4224K, reserved 1048576K
}

