# JRE version: Java(TM) SE Runtime Environment (8.0_151-b12) (build 1.8.0_151-b12)
# Java VM: Java HotSpot(TM) 64-Bit Server VM (25.151-b12 mixed mode windows-amd64 compressed oops)
Heap:
 PSYoungGen      total 37888K, used 15393K [0x00000000d6100000, 0x00000000d8b00000, 0x0000000100000000)
  eden space 32768K, 46% used [0x00000000d6100000,0x00000000d7008780,0x00000000d8100000)
  from space 5120K, 0% used [0x00000000d8100000,0x00000000d8100000,0x00000000d8600000)
  to   space 5120K, 0% used [0x00000000d8600000,0x00000000d8600000,0x00000000d8b00000)
 ParOldGen       total 60416K, used 2613K [0x0000000082200000, 0x0000000085d00000, 0x00000000d6100000)
  object space 60416K, 4% used [0x0000000082200000,0x000000008248d418,0x0000000085d00000)
 Metaspace       used 14458K, capacity 15094K, committed 15360K, reserved 1064960K
  class space    used 2034K, capacity 2180K, committed 2304K, reserved 1048576K
GC Heap History (4 events):
Event: 1.093 GC heap before
{Heap before GC invocations=1 (full 0):
 PSYoungGen      total 37888K, used 21809K [0x00000000d6100000, 0x00000000d8b00000, 0x0000000100000000)
  eden space 32768K, 66% used [0x00000000d6100000,0x00000000d764c7c0,0x00000000d8100000)
  from space 5120K, 0% used [0x00000000d8600000,0x00000000d8600000,0x00000000d8b00000)
  to   space 5120K, 0% used [0x00000000d8100000,0x00000000d8100000,0x00000000d8600000)
 ParOldGen       total 86016K, used 0K [0x0000000082200000, 0x0000000087600000, 0x00000000d6100000)
  object space 86016K, 0% used [0x0000000082200000,0x0000000082200000,0x0000000087600000)
 Metaspace       used 9925K, capacity 10188K, committed 10368K, reserved 1062912K
  class space    used 1203K, capacity 1303K, committed 1408K, reserved 1048576K
Event: 1.101 GC heap after
Heap after GC invocations=1 (full 0):
 PSYoungGen      total 37888K, used 2723K [0x00000000d6100000, 0x00000000d8b00000, 0x0000000100000000)
  eden space 32768K, 0% used [0x00000000d6100000,0x00000000d6100000,0x00000000d8100000)
  from space 5120K, 53% used [0x00000000d8100000,0x00000000d83a8c88,0x00000000d8600000)
  to   space 5120K, 0% used [0x00000000d8600000,0x00000000d8600000,0x00000000d8b00000)
 ParOldGen       total 86016K, used 8K [0x0000000082200000, 0x0000000087600000, 0x00000000d6100000)
  object space 86016K, 0% used [0x0000000082200000,0x0000000082202000,0x0000000087600000)
 Metaspace       used 9925K, capacity 10188K, committed 10368K, reserved 1062912K
  class space    used 1203K, capacity 1303K, committed 1408K, reserved 1048576K
}
Event: 1.101 GC heap before
{Heap before GC invocations=2 (full 1):
 PSYoungGen      total 37888K, used 2723K [0x00000000d6100000, 0x00000000d8b00000, 0x0000000100000000)
  eden space 32768K, 0% used [0x00000000d6100000,0x00000000d6100000,0x00000000d8100000)
  from space 5120K, 53% used [0x00000000d8100000,0x00000000d83a8c88,0x00000000d8600000)
  to   space 5120K, 0% used [0x00000000d8600000,0x00000000d8600000,0x00000000d8b00000)
 ParOldGen       total 86016K, used 8K [0x0000000082200000, 0x0000000087600000, 0x00000000d6100000)
  object space 86016K, 0% used [0x0000000082200000,0x0000000082202000,0x0000000087600000)
 Metaspace       used 9925K, capacity 10188K, committed 10368K, reserved 1062912K
  class space    used 1203K, capacity 1303K, committed 1408K, reserved 1048576K
Event: 1.123 GC heap after
Heap after GC invocations=2 (full 1):
 PSYoungGen      total 37888K, used 0K [0x00000000d6100000, 0x00000000d8b00000, 0x0000000100000000)
  eden space 32768K, 0% used [0x00000000d6100000,0x00000000d6100000,0x00000000d8100000)
  from space 5120K, 0% used [0x00000000d8100000,0x00000000d8100000,0x00000000d8600000)
  to   space 5120K, 0% used [0x00000000d8600000,0x00000000d8600000,0x00000000d8b00000)
 ParOldGen       total 60416K, used 2613K [0x0000000082200000, 0x0000000085d00000, 0x00000000d6100000)
  object space 60416K, 4% used [0x0000000082200000,0x000000008248d418,0x0000000085d00000)
 Metaspace       used 9925K, capacity 10188K, committed 10368K, reserved 1060864K
  class space    used 1203K, capacity 1303K, committed 1408K, reserved 1048576K
}

